<?xml version="1.0" encoding="UTF-8"?>
<!-- Generated by org.testng.reporters.JUnitXMLReporter -->
<testsuite ignored="0" hostname="WABTEC-SHIHARA" failures="1" tests="9" name="Test" time="196.144" errors="0" timestamp="2024-08-09T09:40:55 IST">
  <testcase classname="testCases.TC1001_EnableRandomMode" name="verify_enable_random_mode" time="5.181"/>
  <testcase classname="testCases.TC1002_DisableRandomMode" name="verify_disable_random_mode" time="20.075"/>
  <testcase classname="testCases.TC2001_RefreshRandomNodes" name="verify_refresh_random_nodes" time="82.253"/>
  <testcase classname="testCases.TC3001_SelectFromNode" name="verify_select_from_node" time="0.174"/>
  <testcase classname="testCases.TC3002_SelectToNode" name="verify_select_to_node" time="0.156"/>
  <testcase classname="testCases.TC4001_CalculatePathRandomMode" name="verify_calculate_path_random_mode" time="20.514">
    <failure type="java.lang.AssertionError" message="expected [true] but found [false]">
      <![CDATA[java.lang.AssertionError: expected [true] but found [false]
at testCases.TC4001_CalculatePathRandomMode.verify_calculate_path_random_mode(TC4001_CalculatePathRandomMode.java:25)
at java.base/java.util.ArrayList.forEach(ArrayList.java:1511)
... Removed 29 stack frames]]>
    </failure>
  </testcase> <!-- verify_calculate_path_random_mode -->
  <testcase classname="testCases.TC4002_CalculatePathManualMode" name="verify_calculate_path_maual_mode" time="3.032"/>
  <testcase classname="testCases.TC5001_DisplayResults" name="verify_dispay_results" time="2.049"/>
  <testcase classname="testCases.TC6001_ClearSelection" name="verify_clear_selection" time="45.476"/>
</testsuite> <!-- Test -->
